<?xml version="1.0" encoding="UTF-8"?>
<testsuite name="main.main" tests="1" skipped="0" failures="0" errors="0" timestamp="2021-01-12T10:23:02" hostname="DESKTOP-FO9LOL8" time="31.214">
  <properties/>
  <testcase name="RunWebApp" classname="main.main" time="31.214"/>
  <system-out><![CDATA[]]></system-out>
  <system-err><![CDATA[Jan 12, 2021 11:23:16 AM org.openqa.selenium.remote.ProtocolHandshake createSession
INFO: Detected dialect: W3C
Jan 12, 2021 11:23:32 AM org.openqa.selenium.remote.ProtocolHandshake createSession
INFO: Detected dialect: W3C
]]></system-err>
</testsuite>
